SF:lib/src/shared_preferences_config_storage.dart
DA:9,1
DA:10,1
DA:17,2
DA:19,1
DA:20,1
DA:21,1
DA:22,1
DA:29,3
DA:32,1
DA:34,1
DA:35,2
DA:36,1
DA:40,1
DA:42,1
DA:43,1
DA:52,1
DA:54,2
DA:55,2
DA:63,1
DA:65,1
DA:66,2
DA:76,1
DA:78,1
DA:79,1
DA:80,1
DA:82,1
DA:83,2
DA:84,2
DA:85,2
DA:86,2
DA:87,1
DA:88,2
DA:90,4
DA:91,1
DA:93,3
DA:96,2
DA:97,1
DA:107,1
DA:109,1
DA:110,2
DA:112,1
DA:113,1
DA:114,1
DA:117,1
DA:126,1
DA:128,1
DA:129,2
DA:135,1
DA:137,1
DA:138,6
DA:139,2
DA:140,1
DA:148,1
DA:150,1
DA:151,2
DA:153,1
DA:154,3
DA:155,4
DA:156,1
LF:59
LH:59
end_of_record
