SF:lib/src/shared_preferences_config_storage.dart
DA:7,1
DA:8,1
DA:14,2
DA:16,1
DA:17,1
DA:18,1
DA:19,1
DA:26,3
DA:28,1
DA:30,1
DA:31,2
DA:32,1
DA:35,1
DA:37,1
DA:38,1
DA:41,1
DA:43,2
DA:44,2
DA:47,1
DA:49,1
DA:50,2
DA:53,1
DA:55,1
DA:56,1
DA:57,1
DA:59,1
DA:60,2
DA:61,2
DA:62,2
DA:63,2
DA:64,1
DA:65,2
DA:67,4
DA:68,1
DA:70,3
DA:73,2
DA:74,1
DA:79,1
DA:81,1
DA:82,2
DA:84,1
DA:85,1
DA:86,1
DA:89,1
DA:93,1
DA:95,1
DA:96,2
DA:99,1
DA:101,1
DA:102,6
DA:103,2
DA:104,1
DA:109,1
DA:111,1
DA:112,2
DA:113,5
DA:114,3
DA:115,1
LF:58
LH:58
end_of_record
