SF:lib/src/models/local_first_model.dart
DA:40,8
DA:41,10
DA:42,8
DA:43,6
DA:49,9
DA:52,12
DA:55,10
DA:57,10
DA:59,5
DA:60,9
DA:62,10
DA:65,2
DA:66,2
DA:68,1
DA:70,1
DA:72,1
DA:74,1
DA:76,1
DA:77,1
DA:86,1
DA:87,1
DA:88,1
DA:89,1
DA:91,2
DA:92,1
DA:94,1
DA:95,1
DA:96,1
DA:98,1
DA:99,1
DA:101,1
DA:102,3
DA:107,1
DA:122,3
LF:34
LH:34
end_of_record
SF:lib/src/data_sources/hive_local_storage.dart
DA:27,2
DA:40,1
DA:47,1
DA:48,2
DA:51,1
DA:53,1
DA:56,1
DA:57,3
DA:59,2
DA:63,4
DA:65,1
DA:68,1
DA:70,1
DA:72,1
DA:73,2
DA:75,1
DA:79,1
DA:80,2
DA:81,1
DA:83,1
DA:85,1
DA:86,2
DA:87,2
DA:88,4
DA:91,1
DA:92,3
DA:93,1
DA:95,2
DA:98,3
DA:100,3
DA:103,1
DA:104,1
DA:105,1
DA:110,2
DA:111,2
DA:115,2
DA:117,3
DA:118,3
DA:119,2
DA:123,1
DA:125,1
DA:127,1
DA:128,2
DA:129,1
DA:130,2
DA:131,1
DA:133,2
DA:140,1
DA:141,3
DA:142,1
DA:145,1
DA:147,3
DA:148,1
DA:149,1
DA:150,1
DA:152,1
DA:153,1
DA:157,1
DA:163,1
DA:165,1
DA:166,1
DA:169,1
DA:175,1
DA:177,1
DA:180,1
DA:182,1
DA:183,1
DA:186,1
DA:188,1
DA:189,1
DA:192,1
DA:194,1
DA:195,1
DA:199,2
DA:202,1
DA:204,1
DA:205,1
DA:209,2
DA:210,1
DA:213,1
DA:223,1
DA:225,1
DA:226,1
DA:232,1
DA:233,3
DA:237,3
DA:238,1
DA:242,2
DA:245,3
DA:246,1
DA:248,2
DA:251,2
DA:254,2
DA:256,3
DA:264,4
DA:270,1
DA:271,1
DA:278,1
DA:280,1
DA:281,1
DA:286,2
DA:289,1
DA:292,2
DA:293,1
DA:294,1
DA:295,1
DA:299,1
DA:303,2
DA:304,1
DA:311,1
DA:316,2
DA:317,2
DA:318,2
DA:319,2
DA:320,2
DA:323,2
DA:324,1
DA:327,1
DA:328,2
DA:336,1
DA:337,3
DA:339,1
DA:340,1
DA:342,2
DA:349,1
DA:351,1
DA:352,1
DA:357,1
DA:360,1
DA:362,1
DA:363,1
DA:365,1
DA:369,2
DA:370,1
DA:371,2
DA:372,4
DA:375,2
DA:376,1
DA:379,1
LF:139
LH:139
end_of_record
SF:lib/src/data_sources/local_first_query.dart
DA:17,4
DA:30,2
DA:36,2
DA:37,2
DA:38,2
DA:39,2
DA:40,2
DA:41,2
DA:42,2
DA:43,2
DA:44,2
DA:58,2
DA:70,2
DA:83,8
DA:98,2
DA:99,2
DA:100,8
DA:109,2
DA:110,2
DA:119,2
DA:120,2
DA:126,3
DA:127,6
DA:128,3
DA:142,3
DA:143,15
DA:146,3
DA:148,6
DA:149,3
DA:150,6
DA:151,9
DA:155,3
DA:156,4
DA:159,3
DA:160,4
DA:163,3
DA:164,3
DA:165,3
DA:166,3
DA:168,2
DA:171,6
DA:174,9
DA:175,3
DA:194,3
DA:208,2
DA:209,4
DA:211,2
DA:212,2
DA:215,4
DA:216,4
DA:218,2
DA:219,4
DA:224,2
DA:225,1
DA:226,3
DA:231,2
DA:232,8
DA:237,2
DA:238,1
DA:239,3
DA:244,4
DA:245,4
DA:261,3
LF:63
LH:63
end_of_record
SF:lib/src/repositories/local_first_repository.dart
DA:55,7
DA:67,7
DA:93,6
DA:94,6
DA:95,9
DA:96,3
DA:103,3
DA:104,3
DA:105,9
DA:106,3
DA:107,3
DA:108,3
DA:110,3
DA:116,2
DA:117,2
DA:120,2
DA:121,4
DA:123,2
DA:124,2
DA:125,2
DA:127,1
DA:130,1
DA:139,2
DA:140,10
DA:142,1
DA:143,3
DA:145,2
DA:149,2
DA:150,2
DA:152,6
DA:153,2
DA:154,2
DA:155,2
DA:158,2
DA:159,4
DA:162,1
DA:164,3
DA:167,1
DA:168,1
DA:170,3
DA:171,1
DA:172,1
DA:173,1
DA:176,1
DA:187,1
DA:188,4
DA:193,1
DA:195,3
DA:196,4
DA:200,1
DA:201,1
DA:203,3
DA:204,1
DA:205,1
DA:206,1
DA:210,2
DA:211,2
DA:212,2
DA:213,6
DA:214,6
DA:215,2
DA:216,4
DA:217,3
DA:221,2
DA:222,2
DA:223,2
DA:224,6
DA:225,4
DA:229,1
DA:231,3
DA:232,1
DA:234,1
DA:238,1
DA:239,2
DA:240,3
DA:255,1
DA:256,1
DA:257,1
DA:258,2
DA:259,1
DA:264,1
DA:265,1
DA:266,1
DA:267,4
DA:269,2
DA:270,1
DA:271,1
DA:273,1
DA:274,1
DA:275,4
DA:281,3
DA:282,1
DA:283,1
DA:284,1
DA:289,1
DA:290,1
DA:291,1
DA:292,3
DA:293,1
DA:295,1
DA:300,2
DA:301,2
DA:302,8
DA:305,2
DA:306,8
DA:308,4
DA:309,4
DA:310,2
DA:313,1
DA:314,6
DA:317,2
DA:318,2
DA:319,2
DA:320,2
DA:321,2
DA:323,2
DA:324,2
DA:325,2
DA:327,2
DA:328,2
DA:330,2
DA:332,2
DA:335,4
DA:339,1
DA:341,8
DA:342,2
DA:343,2
DA:344,2
DA:345,2
DA:349,1
DA:353,2
DA:354,1
DA:355,1
DA:356,2
DA:357,4
DA:361,1
DA:362,4
DA:366,1
DA:372,5
LF:139
LH:139
end_of_record
SF:lib/src/sync_strategies/data_sync_strategy.dart
DA:14,3
DA:15,3
DA:18,1
DA:20,1
DA:24,1
DA:25,2
DA:28,3
DA:29,6
LF:8
LH:8
end_of_record
SF:lib/src/clients/local_first_client.dart
DA:17,3
DA:20,6
DA:29,3
DA:34,6
DA:38,12
DA:39,9
DA:40,1
DA:42,6
DA:43,3
DA:44,6
DA:46,6
DA:47,3
DA:50,6
DA:56,2
DA:57,10
DA:64,3
DA:65,6
DA:67,6
DA:68,3
DA:70,6
DA:77,1
DA:78,2
DA:80,2
DA:81,1
DA:82,1
DA:89,1
DA:90,2
DA:93,3
DA:94,3
DA:97,5
DA:98,1
DA:99,1
DA:100,1
DA:103,4
DA:104,2
DA:105,4
DA:106,4
DA:111,1
DA:112,2
DA:113,2
DA:115,3
DA:118,1
DA:119,2
DA:122,3
DA:123,6
DA:126,3
DA:129,6
DA:130,1
DA:133,4
DA:134,2
DA:135,2
DA:137,3
DA:138,1
DA:139,1
DA:142,1
DA:144,1
DA:145,1
DA:146,2
DA:147,1
DA:148,1
DA:151,1
DA:153,1
DA:154,1
DA:155,2
DA:156,1
DA:157,1
DA:160,1
DA:162,1
DA:163,1
DA:164,2
DA:165,1
DA:167,1
DA:168,1
DA:169,1
DA:174,1
DA:176,2
LF:76
LH:76
end_of_record
SF:lib/src/data_sources/sqlite_local_storage.dart
DA:10,1
DA:16,1
DA:17,2
DA:31,3
DA:33,3
DA:35,1
DA:36,2
DA:37,1
DA:41,1
DA:44,1
DA:46,1
DA:48,1
DA:50,3
DA:52,1
DA:54,1
DA:55,1
DA:56,2
DA:62,1
DA:63,2
DA:66,1
DA:68,1
DA:70,4
DA:71,2
DA:72,2
DA:75,2
DA:77,2
DA:78,1
DA:79,1
DA:82,1
DA:84,1
DA:85,2
DA:87,1
DA:89,2
DA:92,2
DA:93,1
DA:94,1
DA:95,2
DA:96,1
DA:99,2
DA:100,1
DA:103,1
DA:109,3
DA:110,1
DA:113,1
DA:115,1
DA:116,1
DA:117,1
DA:119,1
DA:121,1
DA:122,1
DA:123,1
DA:124,1
DA:127,1
DA:129,1
DA:130,1
DA:131,1
DA:133,1
DA:136,1
DA:140,1
DA:141,2
DA:142,1
DA:144,2
DA:147,1
DA:153,1
DA:154,1
DA:155,1
DA:157,1
DA:158,1
DA:159,2
DA:162,1
DA:163,1
DA:165,1
DA:171,1
DA:174,1
DA:180,1
DA:181,1
DA:182,1
DA:184,1
DA:185,1
DA:187,1
DA:193,1
DA:196,1
DA:198,1
DA:199,1
DA:200,1
DA:202,2
DA:203,1
DA:206,1
DA:208,1
DA:209,1
DA:210,1
DA:212,1
DA:213,1
DA:216,1
DA:218,1
DA:219,1
DA:221,3
DA:227,1
DA:229,1
DA:230,1
DA:232,1
DA:233,1
DA:235,1
DA:239,1
DA:240,2
DA:241,1
DA:244,1
DA:246,1
DA:247,1
DA:252,1
DA:254,1
DA:257,1
DA:258,3
DA:259,1
DA:261,1
DA:263,1
DA:264,2
DA:265,2
DA:268,2
DA:269,2
DA:274,1
DA:275,1
DA:276,2
DA:277,3
DA:278,1
DA:279,1
DA:280,3
DA:284,2
DA:287,1
DA:288,1
DA:289,1
DA:290,2
DA:294,1
DA:295,2
DA:298,1
DA:299,1
DA:300,1
DA:301,1
DA:310,1
DA:318,2
DA:319,2
DA:320,3
DA:322,2
DA:323,5
DA:326,1
DA:327,2
DA:330,2
DA:331,2
DA:332,1
DA:333,1
DA:338,1
DA:339,1
DA:340,2
DA:343,1
DA:344,2
DA:345,2
DA:352,1
DA:354,1
DA:356,1
DA:358,1
DA:360,1
DA:362,1
DA:364,1
DA:369,1
DA:372,1
DA:373,1
DA:374,1
DA:375,1
DA:376,1
DA:377,2
DA:379,1
DA:380,1
DA:381,2
DA:384,1
DA:385,1
DA:386,1
DA:388,1
DA:390,1
DA:391,2
DA:393,1
DA:394,1
DA:398,1
DA:403,1
DA:405,2
DA:406,1
DA:407,1
DA:408,1
DA:411,2
DA:412,6
DA:418,1
DA:419,4
DA:422,1
DA:423,1
DA:424,1
DA:426,1
DA:427,3
DA:429,1
DA:430,1
DA:431,3
DA:437,1
DA:438,2
DA:439,1
DA:441,2
DA:442,2
DA:443,1
DA:447,2
DA:448,2
DA:450,2
DA:455,1
DA:459,1
DA:460,2
DA:461,2
DA:462,2
DA:464,2
DA:465,3
DA:470,1
DA:471,1
DA:472,1
DA:474,1
DA:475,1
DA:476,1
DA:478,2
DA:482,1
DA:483,2
DA:486,2
DA:487,2
DA:489,1
DA:490,3
DA:494,1
DA:495,2
DA:496,4
DA:499,1
DA:500,2
DA:501,4
DA:504,1
DA:505,2
DA:506,4
DA:509,1
DA:510,2
DA:511,4
DA:514,1
DA:515,2
DA:516,4
DA:519,1
DA:520,2
DA:521,4
DA:524,1
DA:525,1
DA:526,2
DA:528,1
DA:529,2
DA:530,1
DA:531,5
DA:535,3
DA:536,1
DA:537,2
DA:539,1
DA:540,2
DA:541,1
DA:542,2
DA:543,3
DA:549,2
DA:550,2
DA:551,3
DA:554,2
DA:555,1
DA:556,3
DA:558,1
DA:559,3
DA:562,2
DA:563,1
DA:564,1
DA:565,1
DA:566,2
DA:568,1
DA:571,1
DA:572,1
DA:573,2
DA:577,2
DA:580,3
DA:581,1
DA:582,4
DA:583,1
DA:588,1
LF:284
LH:284
end_of_record
SF:lib/src/data_sources/local_first_storage.dart
DA:69,1
DA:80,1
DA:82,2
DA:85,2
DA:86,2
DA:87,2
DA:88,1
DA:93,1
DA:97,2
DA:98,2
DA:99,2
DA:100,2
DA:101,2
DA:104,2
DA:105,1
DA:108,1
DA:109,2
DA:117,3
DA:118,3
DA:122,1
DA:123,3
DA:134,1
DA:136,1
LF:23
LH:23
end_of_record
SF:lib/src/data_sources/sqlite_local_storage_test_helpers.dart
DA:4,1
DA:5,3
DA:8,1
DA:9,1
DA:10,1
DA:11,1
DA:12,1
DA:13,3
DA:14,1
LF:9
LH:9
end_of_record
