SF:lib/src/websocket_sync_strategy.dart
DA:18,1
DA:156,10
DA:166,10
DA:171,8
DA:174,12
DA:185,3
DA:186,3
DA:187,3
DA:188,1
DA:204,3
DA:205,6
DA:206,3
DA:207,1
DA:223,3
DA:225,3
DA:228,6
DA:230,3
DA:231,1
DA:236,8
DA:237,8
DA:238,16
DA:239,8
DA:243,10
DA:244,10
DA:245,10
DA:246,12
DA:247,17
DA:248,20
DA:252,10
DA:253,10
DA:257,8
DA:258,8
DA:261,24
DA:263,16
DA:265,16
DA:266,8
DA:268,8
DA:270,7
DA:271,7
DA:272,7
DA:275,21
DA:276,7
DA:277,7
DA:278,7
DA:283,7
DA:286,7
DA:287,7
DA:290,7
DA:292,1
DA:293,1
DA:298,1
DA:303,10
DA:304,10
DA:305,10
DA:306,17
DA:307,10
DA:308,26
DA:309,10
DA:310,17
DA:314,4
DA:315,4
DA:317,4
DA:318,12
DA:322,14
DA:323,2
DA:324,2
DA:329,5
DA:331,5
DA:332,5
DA:334,10
DA:337,5
DA:338,5
DA:341,3
DA:342,2
DA:345,2
DA:346,1
DA:349,2
DA:352,4
DA:353,1
DA:355,1
DA:363,1
DA:367,1
DA:368,1
DA:369,2
DA:373,2
DA:376,2
DA:377,2
DA:386,5
DA:387,5
DA:388,5
DA:390,5
DA:394,5
DA:395,10
DA:400,10
DA:403,5
DA:404,15
DA:405,5
DA:408,5
DA:415,10
DA:417,0
DA:418,0
DA:427,10
DA:430,5
DA:432,1
DA:434,1
DA:443,2
DA:444,2
DA:445,2
DA:446,2
DA:448,2
DA:450,6
DA:453,4
DA:456,2
DA:458,4
DA:459,2
DA:460,4
DA:462,2
DA:464,5
DA:465,2
DA:467,2
DA:468,1
DA:475,6
DA:477,6
DA:479,12
DA:480,6
DA:481,12
DA:489,0
DA:491,2
DA:492,2
DA:495,0
DA:499,2
DA:501,0
DA:502,0
DA:506,0
DA:510,2
DA:511,2
DA:516,4
DA:522,7
DA:523,7
DA:524,7
DA:525,0
DA:528,21
DA:532,7
DA:533,19
DA:536,8
DA:537,4
DA:538,12
DA:539,4
DA:541,2
DA:543,2
DA:550,2
DA:552,4
DA:555,2
DA:556,4
DA:558,2
DA:559,6
DA:561,2
DA:566,2
DA:569,1
DA:570,1
DA:581,7
DA:582,7
DA:583,7
DA:586,7
DA:589,14
DA:590,2
DA:595,2
DA:597,0
DA:598,0
DA:606,1
DA:607,1
DA:609,0
DA:610,0
DA:613,1
DA:614,1
DA:615,1
DA:618,1
DA:619,0
DA:621,0
DA:622,0
DA:632,14
DA:633,1
DA:635,1
DA:643,7
DA:648,7
DA:649,14
DA:651,8
DA:654,2
DA:655,4
DA:657,6
DA:658,10
DA:662,4
DA:664,0
DA:666,2
DA:667,10
DA:669,2
DA:671,0
DA:672,0
DA:679,2
DA:680,2
DA:692,7
DA:693,9
DA:694,24
DA:695,3
DA:697,6
DA:698,2
DA:700,2
DA:707,3
DA:708,3
DA:709,3
DA:714,3
DA:715,3
DA:719,1
DA:720,1
DA:721,1
DA:722,1
LF:216
LH:198
end_of_record
