SF:lib/src/models/local_first_model.dart
DA:40,8
DA:41,10
DA:42,8
DA:43,6
DA:49,9
DA:52,12
DA:55,10
DA:57,10
DA:59,14
DA:61,10
DA:64,2
DA:65,2
DA:67,1
DA:69,1
DA:71,1
DA:73,1
DA:75,1
DA:76,1
DA:85,1
DA:86,1
DA:87,1
DA:88,1
DA:90,2
DA:91,1
DA:93,1
DA:94,1
DA:95,1
DA:97,1
DA:98,1
DA:100,1
DA:101,3
DA:106,1
DA:121,3
LF:33
LH:33
end_of_record
SF:lib/src/data_sources/hive_local_storage.dart
DA:27,2
DA:39,1
DA:45,1
DA:46,2
DA:48,1
DA:50,1
DA:53,1
DA:54,3
DA:56,2
DA:60,4
DA:62,1
DA:65,1
DA:67,1
DA:69,1
DA:70,2
DA:72,1
DA:76,1
DA:77,2
DA:78,1
DA:80,1
DA:82,1
DA:83,2
DA:84,2
DA:85,4
DA:88,1
DA:89,3
DA:90,1
DA:92,2
DA:95,3
DA:97,3
DA:100,1
DA:101,1
DA:102,1
DA:107,2
DA:108,2
DA:112,3
DA:113,2
DA:117,1
DA:119,1
DA:122,5
DA:125,1
DA:127,3
DA:128,1
DA:129,1
DA:133,1
DA:139,1
DA:141,1
DA:142,1
DA:145,1
DA:151,1
DA:153,1
DA:156,1
DA:158,1
DA:159,1
DA:162,1
DA:164,1
DA:165,1
DA:168,1
DA:170,1
DA:171,1
DA:175,2
DA:178,1
DA:180,1
DA:181,1
DA:185,2
DA:186,1
DA:189,1
DA:191,1
DA:192,1
DA:198,1
DA:199,3
DA:203,3
DA:204,1
DA:208,2
DA:211,3
DA:212,1
DA:214,2
DA:217,2
DA:220,2
DA:222,3
DA:230,4
DA:236,1
DA:237,1
DA:244,1
DA:246,1
DA:247,1
DA:252,2
DA:255,1
DA:258,2
DA:259,1
DA:263,1
DA:267,2
DA:268,1
DA:275,1
DA:280,2
DA:281,2
DA:282,2
DA:283,2
DA:284,2
DA:287,2
DA:288,1
DA:291,1
DA:292,2
DA:300,1
DA:301,3
DA:303,1
DA:304,1
DA:306,2
DA:313,1
DA:315,1
DA:316,1
DA:321,1
DA:324,1
DA:326,1
DA:327,1
DA:329,1
DA:333,2
DA:334,1
DA:335,2
DA:336,4
DA:339,2
DA:340,1
DA:343,1
LF:123
LH:123
end_of_record
SF:lib/src/data_sources/local_first_query.dart
DA:17,3
DA:30,2
DA:36,2
DA:37,2
DA:38,2
DA:39,2
DA:40,2
DA:41,2
DA:42,2
DA:43,2
DA:44,2
DA:58,2
DA:70,2
DA:83,8
DA:98,2
DA:99,2
DA:100,8
DA:109,2
DA:110,2
DA:119,2
DA:120,2
DA:126,3
DA:127,6
DA:128,3
DA:142,3
DA:143,15
DA:146,3
DA:148,6
DA:149,3
DA:150,15
DA:153,3
DA:154,4
DA:157,3
DA:158,4
DA:161,3
DA:162,3
DA:163,3
DA:164,3
DA:166,2
DA:168,6
DA:171,9
DA:172,3
DA:191,2
DA:205,2
DA:206,4
DA:208,2
DA:209,2
DA:212,4
DA:213,4
DA:215,2
DA:216,4
DA:221,2
DA:222,1
DA:223,3
DA:228,2
DA:229,8
DA:234,2
DA:235,1
DA:236,3
DA:241,4
DA:242,4
DA:258,2
LF:62
LH:62
end_of_record
SF:lib/src/repositories/local_first_repository.dart
DA:47,6
DA:82,6
DA:83,6
DA:84,9
DA:85,3
DA:92,3
DA:93,3
DA:94,3
DA:100,2
DA:101,2
DA:104,2
DA:105,4
DA:107,2
DA:108,2
DA:109,2
DA:111,1
DA:114,1
DA:123,2
DA:124,10
DA:126,1
DA:127,3
DA:129,2
DA:133,2
DA:134,2
DA:136,6
DA:137,2
DA:138,2
DA:139,2
DA:142,2
DA:143,4
DA:146,1
DA:148,3
DA:151,1
DA:152,1
DA:154,3
DA:155,1
DA:156,1
DA:157,1
DA:160,1
DA:171,1
DA:172,4
DA:177,1
DA:179,3
DA:180,4
DA:184,1
DA:185,1
DA:187,3
DA:188,1
DA:189,1
DA:190,1
DA:194,2
DA:195,2
DA:196,2
DA:197,6
DA:198,6
DA:199,2
DA:200,4
DA:201,3
DA:205,2
DA:206,2
DA:207,2
DA:208,6
DA:209,4
DA:213,1
DA:215,3
DA:216,1
DA:218,1
DA:222,1
DA:223,2
DA:224,3
DA:239,1
DA:240,1
DA:241,1
DA:242,2
DA:243,1
DA:248,1
DA:249,1
DA:250,1
DA:251,4
DA:253,2
DA:254,1
DA:255,1
DA:257,1
DA:258,1
DA:259,4
DA:265,3
DA:266,1
DA:267,1
DA:268,1
DA:273,1
DA:274,1
DA:275,1
DA:276,3
DA:277,1
DA:279,1
DA:284,2
DA:285,2
DA:286,8
DA:289,2
DA:290,8
DA:292,4
DA:293,4
DA:294,2
DA:297,1
DA:298,6
DA:301,2
DA:302,2
DA:303,2
DA:304,2
DA:305,2
DA:307,2
DA:308,2
DA:309,2
DA:311,2
DA:312,2
DA:314,2
DA:316,2
DA:319,4
DA:323,1
DA:325,8
DA:326,2
DA:327,2
DA:328,2
DA:329,2
DA:333,1
DA:337,2
DA:338,1
DA:339,1
DA:340,2
DA:341,4
DA:345,1
DA:346,4
DA:350,1
DA:356,3
LF:134
LH:134
end_of_record
SF:lib/src/clients/local_first_client.dart
DA:17,3
DA:20,6
DA:29,3
DA:34,6
DA:38,12
DA:39,9
DA:40,1
DA:42,6
DA:43,3
DA:44,6
DA:46,6
DA:47,3
DA:50,6
DA:56,2
DA:57,10
DA:64,3
DA:65,6
DA:67,6
DA:68,3
DA:70,6
DA:77,1
DA:78,2
DA:80,2
DA:81,1
DA:82,1
DA:89,1
DA:90,2
DA:93,3
DA:94,3
DA:97,5
DA:98,1
DA:99,1
DA:100,1
DA:103,4
DA:104,2
DA:105,4
DA:106,4
DA:111,1
DA:112,2
DA:113,2
DA:115,3
DA:118,1
DA:119,2
DA:122,3
DA:123,6
DA:126,3
DA:129,6
DA:130,1
DA:133,4
DA:134,2
DA:135,2
DA:137,3
DA:138,1
DA:139,1
DA:142,1
DA:144,1
DA:145,1
DA:146,2
DA:147,1
DA:148,1
DA:151,1
DA:153,1
DA:154,1
DA:155,2
DA:156,1
DA:157,1
DA:160,1
DA:162,1
DA:163,1
DA:164,2
DA:165,1
DA:167,1
DA:168,1
DA:169,1
DA:174,1
DA:176,2
LF:76
LH:76
end_of_record
SF:lib/src/sync_strategies/data_sync_strategy.dart
DA:14,3
DA:15,3
DA:18,1
DA:19,1
DA:23,1
DA:24,2
DA:27,3
DA:28,6
LF:8
LH:8
end_of_record
SF:lib/src/data_sources/local_first_storage.dart
DA:71,1
DA:73,2
DA:76,2
DA:77,2
DA:78,2
DA:79,1
DA:84,1
DA:88,2
DA:89,2
DA:90,2
DA:91,2
DA:92,2
DA:95,2
DA:96,1
DA:99,1
DA:100,2
DA:108,3
DA:109,3
DA:113,1
DA:114,3
DA:125,1
DA:127,1
LF:22
LH:22
end_of_record
