TN:
SF:lib/src/clients/local_first_client.dart
FNF:0
FNH:0
DA:17,3
DA:20,6
DA:29,3
DA:34,6
DA:38,12
DA:39,9
DA:40,1
DA:42,6
DA:43,3
DA:44,6
DA:46,6
DA:47,3
DA:50,6
DA:56,2
DA:57,10
DA:64,3
DA:65,6
DA:67,6
DA:68,3
DA:70,6
DA:77,1
DA:78,2
DA:80,2
DA:81,1
DA:82,1
DA:89,1
DA:90,2
DA:93,3
DA:94,3
DA:97,5
DA:98,1
DA:99,1
DA:100,1
DA:103,4
DA:104,2
DA:105,4
DA:106,4
DA:111,1
DA:112,2
DA:113,2
DA:115,3
DA:118,1
DA:119,2
DA:122,3
DA:123,6
DA:126,3
DA:129,6
DA:130,1
DA:133,4
DA:134,2
DA:135,2
DA:137,3
DA:138,1
DA:139,1
DA:142,1
DA:144,1
DA:145,1
DA:146,2
DA:147,1
DA:148,1
DA:151,1
DA:153,1
DA:154,1
DA:155,2
DA:156,1
DA:157,1
DA:160,1
DA:162,1
DA:163,1
DA:164,2
DA:165,1
DA:167,1
DA:168,1
DA:169,1
DA:174,1
DA:176,2
LF:76
LH:76
end_of_record
TN:
SF:lib/src/data_sources/local_first_query.dart
FNF:0
FNH:0
DA:17,2
DA:30,1
DA:36,1
DA:37,1
DA:38,1
DA:39,1
DA:40,1
DA:41,1
DA:42,1
DA:43,1
DA:44,1
DA:58,1
DA:70,1
DA:83,4
DA:98,1
DA:99,1
DA:100,4
DA:109,1
DA:110,1
DA:119,1
DA:120,1
DA:126,2
DA:127,4
DA:128,2
DA:142,2
DA:143,10
DA:146,2
DA:148,4
DA:149,2
DA:150,4
DA:151,6
DA:155,2
DA:156,4
DA:159,2
DA:160,4
DA:163,2
DA:164,2
DA:165,2
DA:166,2
DA:168,2
DA:171,4
DA:174,6
DA:175,2
DA:194,1
DA:208,1
DA:209,2
DA:211,1
DA:212,2
DA:215,3
DA:216,3
DA:218,1
DA:219,4
DA:224,1
DA:225,1
DA:226,3
DA:231,1
DA:232,4
DA:237,1
DA:238,1
DA:239,3
DA:244,3
DA:245,3
DA:261,1
LF:63
LH:63
end_of_record
TN:
SF:lib/src/data_sources/local_first_storage.dart
FNF:0
FNH:0
DA:69,1
DA:80,1
DA:82,2
DA:85,2
DA:86,2
DA:87,2
DA:88,1
DA:93,1
DA:97,2
DA:98,2
DA:99,2
DA:100,2
DA:101,2
DA:104,2
DA:105,1
DA:108,1
DA:109,2
DA:117,3
DA:118,3
DA:122,1
DA:123,3
DA:134,1
DA:136,1
LF:23
LH:23
end_of_record
TN:
SF:lib/src/hive_local_storage.dart
FNF:0
FNH:0
DA:35,2
DA:48,1
DA:55,1
DA:56,2
DA:59,1
DA:61,1
DA:64,1
DA:65,3
DA:67,2
DA:71,4
DA:73,1
DA:76,1
DA:78,1
DA:80,1
DA:81,2
DA:83,1
DA:87,1
DA:88,2
DA:89,1
DA:91,1
DA:93,1
DA:94,2
DA:95,2
DA:96,4
DA:99,1
DA:100,3
DA:101,1
DA:103,2
DA:106,3
DA:108,3
DA:111,1
DA:112,1
DA:113,1
DA:118,2
DA:119,2
DA:123,2
DA:125,3
DA:126,3
DA:127,2
DA:131,1
DA:133,1
DA:135,1
DA:136,2
DA:137,1
DA:138,2
DA:139,1
DA:141,2
DA:148,1
DA:149,3
DA:150,1
DA:153,1
DA:155,3
DA:156,1
DA:157,1
DA:158,1
DA:160,1
DA:161,1
DA:165,1
DA:171,1
DA:173,1
DA:174,1
DA:177,1
DA:183,1
DA:185,1
DA:188,1
DA:190,1
DA:191,1
DA:194,1
DA:196,1
DA:197,1
DA:200,1
DA:202,1
DA:203,1
DA:207,2
DA:210,1
DA:212,1
DA:213,1
DA:217,2
DA:218,1
DA:221,1
DA:231,1
DA:233,1
DA:234,1
DA:240,1
DA:241,3
DA:245,3
DA:246,1
DA:250,2
DA:253,3
DA:254,1
DA:256,2
DA:259,2
DA:262,2
DA:264,3
DA:272,4
DA:278,1
DA:279,1
DA:286,1
DA:288,1
DA:289,1
DA:294,2
DA:297,1
DA:300,2
DA:301,1
DA:302,1
DA:303,1
DA:307,1
DA:311,2
DA:312,1
DA:319,1
DA:324,2
DA:325,2
DA:326,2
DA:327,2
DA:328,2
DA:331,2
DA:332,1
DA:335,1
DA:336,2
DA:344,1
DA:345,3
DA:347,1
DA:348,1
DA:350,2
DA:357,1
DA:359,1
DA:360,1
DA:365,1
DA:368,1
DA:370,1
DA:371,1
DA:373,1
DA:377,2
DA:378,1
DA:379,2
DA:380,4
DA:383,2
DA:384,1
DA:387,1
LF:139
LH:139
end_of_record
TN:
SF:lib/src/models/local_first_model.dart
FNF:0
FNH:0
DA:40,8
DA:41,8
DA:42,8
DA:43,6
DA:49,9
DA:52,9
DA:55,8
DA:57,8
DA:59,4
DA:60,8
DA:62,8
DA:65,2
DA:66,2
DA:68,1
DA:70,1
DA:72,1
DA:74,1
DA:76,1
DA:77,1
DA:86,1
DA:87,1
DA:88,1
DA:89,1
DA:91,2
DA:92,1
DA:94,1
DA:95,1
DA:96,1
DA:98,1
DA:99,1
DA:101,1
DA:102,3
DA:107,1
DA:122,3
LF:34
LH:34
end_of_record
TN:
SF:lib/src/repositories/local_first_repository.dart
FNF:0
FNH:0
DA:54,5
DA:66,5
DA:92,6
DA:93,6
DA:94,9
DA:95,3
DA:102,3
DA:103,3
DA:104,9
DA:105,3
DA:106,3
DA:107,3
DA:109,3
DA:115,2
DA:116,2
DA:119,2
DA:120,4
DA:122,2
DA:123,2
DA:124,2
DA:126,1
DA:129,1
DA:138,2
DA:139,10
DA:141,1
DA:142,3
DA:144,2
DA:148,2
DA:149,2
DA:151,6
DA:152,2
DA:153,2
DA:154,2
DA:157,2
DA:158,4
DA:161,1
DA:163,3
DA:166,1
DA:167,1
DA:169,3
DA:170,1
DA:171,1
DA:172,1
DA:175,1
DA:186,1
DA:187,4
DA:192,1
DA:194,3
DA:195,4
DA:199,1
DA:200,1
DA:202,3
DA:203,1
DA:204,1
DA:205,1
DA:209,2
DA:210,2
DA:211,2
DA:212,6
DA:213,6
DA:214,2
DA:215,4
DA:216,3
DA:220,2
DA:221,2
DA:222,2
DA:223,6
DA:224,4
DA:228,1
DA:230,3
DA:231,1
DA:233,1
DA:237,1
DA:238,2
DA:239,3
DA:254,1
DA:255,1
DA:256,1
DA:257,2
DA:258,1
DA:263,1
DA:264,1
DA:265,1
DA:266,4
DA:268,2
DA:269,1
DA:270,1
DA:272,1
DA:273,1
DA:274,4
DA:280,3
DA:281,1
DA:282,1
DA:283,1
DA:288,1
DA:289,1
DA:290,1
DA:291,3
DA:292,1
DA:294,1
DA:299,2
DA:300,2
DA:301,8
DA:304,2
DA:305,8
DA:307,4
DA:308,4
DA:309,2
DA:312,1
DA:313,6
DA:316,2
DA:317,2
DA:318,2
DA:319,2
DA:320,2
DA:322,2
DA:323,2
DA:324,2
DA:326,2
DA:327,2
DA:329,2
DA:331,2
DA:334,4
DA:338,1
DA:340,8
DA:341,2
DA:342,2
DA:343,2
DA:344,2
DA:348,1
DA:352,2
DA:353,1
DA:354,1
DA:355,2
DA:356,4
DA:360,1
DA:361,4
DA:365,1
DA:371,3
LF:139
LH:139
end_of_record
TN:
SF:lib/src/sqlite_local_storage.dart
FNF:0
FNH:0
DA:18,1
DA:24,1
DA:25,2
DA:39,3
DA:41,3
DA:43,1
DA:44,2
DA:45,1
DA:49,1
DA:52,1
DA:54,1
DA:56,1
DA:58,3
DA:60,1
DA:62,1
DA:63,1
DA:64,2
DA:70,1
DA:71,2
DA:74,1
DA:76,1
DA:78,4
DA:79,2
DA:80,2
DA:83,2
DA:85,2
DA:86,1
DA:87,1
DA:90,1
DA:92,1
DA:93,2
DA:95,1
DA:97,2
DA:100,2
DA:101,1
DA:102,1
DA:103,2
DA:104,1
DA:107,2
DA:108,1
DA:111,1
DA:117,3
DA:118,1
DA:121,1
DA:123,1
DA:124,1
DA:125,1
DA:127,1
DA:129,1
DA:130,1
DA:131,1
DA:132,1
DA:135,1
DA:137,1
DA:138,1
DA:139,1
DA:141,1
DA:144,1
DA:148,1
DA:149,2
DA:150,1
DA:152,2
DA:155,1
DA:161,1
DA:162,1
DA:163,1
DA:165,1
DA:166,1
DA:167,2
DA:170,1
DA:171,1
DA:173,1
DA:179,1
DA:182,1
DA:188,1
DA:189,1
DA:190,1
DA:192,1
DA:193,1
DA:195,1
DA:201,1
DA:204,1
DA:206,1
DA:207,1
DA:208,1
DA:210,2
DA:211,1
DA:214,1
DA:216,1
DA:217,1
DA:218,1
DA:220,1
DA:221,1
DA:224,1
DA:226,1
DA:227,1
DA:229,3
DA:235,1
DA:237,1
DA:238,1
DA:240,1
DA:241,1
DA:243,1
DA:247,1
DA:248,2
DA:249,1
DA:252,1
DA:254,1
DA:255,1
DA:260,1
DA:262,1
DA:265,1
DA:266,3
DA:267,1
DA:269,1
DA:271,1
DA:272,2
DA:273,2
DA:276,2
DA:277,2
DA:282,1
DA:283,1
DA:284,2
DA:285,3
DA:286,1
DA:287,1
DA:288,3
DA:292,2
DA:295,1
DA:296,1
DA:297,1
DA:298,2
DA:302,1
DA:303,2
DA:306,1
DA:307,1
DA:308,1
DA:309,1
DA:318,1
DA:326,2
DA:327,2
DA:328,3
DA:330,2
DA:331,5
DA:334,1
DA:335,2
DA:338,2
DA:339,2
DA:340,1
DA:341,1
DA:346,1
DA:347,1
DA:348,2
DA:351,1
DA:352,2
DA:353,2
DA:360,1
DA:362,1
DA:364,1
DA:366,1
DA:368,1
DA:370,1
DA:372,1
DA:377,1
DA:380,1
DA:381,1
DA:382,1
DA:383,1
DA:384,1
DA:385,2
DA:387,1
DA:388,1
DA:389,2
DA:392,1
DA:393,1
DA:394,1
DA:396,1
DA:398,1
DA:399,2
DA:401,1
DA:402,1
DA:406,1
DA:411,1
DA:413,2
DA:414,1
DA:415,1
DA:416,1
DA:419,2
DA:420,6
DA:426,1
DA:427,4
DA:430,1
DA:431,1
DA:432,1
DA:434,1
DA:435,3
DA:437,1
DA:438,1
DA:439,3
DA:445,1
DA:446,2
DA:447,1
DA:449,2
DA:450,2
DA:451,1
DA:455,2
DA:456,2
DA:458,2
DA:463,1
DA:467,1
DA:468,2
DA:469,2
DA:470,2
DA:472,2
DA:473,3
DA:478,1
DA:479,1
DA:480,1
DA:482,1
DA:483,1
DA:484,1
DA:486,2
DA:490,1
DA:491,2
DA:494,2
DA:495,2
DA:497,1
DA:498,3
DA:502,1
DA:503,2
DA:504,4
DA:507,1
DA:508,2
DA:509,4
DA:512,1
DA:513,2
DA:514,4
DA:517,1
DA:518,2
DA:519,4
DA:522,1
DA:523,2
DA:524,4
DA:527,1
DA:528,2
DA:529,4
DA:532,1
DA:533,1
DA:534,2
DA:536,1
DA:537,2
DA:538,1
DA:539,5
DA:543,3
DA:544,1
DA:545,2
DA:547,1
DA:548,2
DA:549,1
DA:550,2
DA:551,3
DA:557,2
DA:558,2
DA:559,3
DA:562,2
DA:563,1
DA:564,3
DA:566,1
DA:567,3
DA:570,2
DA:571,1
DA:572,1
DA:573,1
DA:574,2
DA:576,1
DA:579,1
DA:580,1
DA:581,2
DA:585,2
DA:588,3
DA:589,1
DA:590,4
DA:591,1
DA:596,1
LF:284
LH:284
end_of_record
TN:
SF:lib/src/sqlite_local_storage_test_helpers.dart
FNF:0
FNH:0
DA:4,1
DA:5,3
DA:8,1
DA:9,1
DA:10,1
DA:11,1
DA:12,1
DA:13,3
DA:14,1
LF:9
LH:9
end_of_record
TN:
SF:lib/src/sync_strategies/data_sync_strategy.dart
FNF:0
FNH:0
DA:14,3
DA:15,3
DA:18,1
DA:20,1
DA:24,1
DA:25,2
DA:28,3
DA:29,6
LF:8
LH:8
end_of_record
